[12:38:22] [ServerMain/INFO]: Environment: Environment[sessionHost=https://sessionserver.mojang.com, servicesHost=https://api.minecraftservices.com, name=PROD]
[12:38:25] [ServerMain/INFO]: Loaded 1174 recipes
[12:38:25] [ServerMain/INFO]: Loaded 1271 advancements
[12:38:26] [Server thread/INFO]: Starting minecraft server version 1.20.4
[12:38:26] [Server thread/WARN]: ****************************
[12:38:26] [Server thread/WARN]: YOU ARE RUNNING THIS SERVER AS AN ADMINISTRATIVE OR ROOT USER. THIS IS NOT ADVISED.
[12:38:26] [Server thread/WARN]: YOU ARE OPENING YOURSELF UP TO POTENTIAL RISKS WHEN DOING THIS.
[12:38:26] [Server thread/WARN]: FOR MORE INFORMATION, SEE https://madelinemiller.dev/blog/root-minecraft-server/
[12:38:26] [Server thread/WARN]: ****************************
[12:38:26] [Server thread/INFO]: Loading properties
[12:38:26] [Server thread/INFO]: This server is running Purpur version git-Purpur-2162 (MC: 1.20.4) (Implementing API version 1.20.4-R0.1-SNAPSHOT) (Git: 2ebde54 on HEAD)
[12:38:28] [Server thread/INFO]: Using 4 threads for Netty based IO
[12:38:28] [Server thread/INFO]: Server Ping Player Sample Count: 12
[12:38:28] [Server thread/INFO]: [ChunkTaskScheduler] Chunk system is using 1 I/O threads, 1 worker threads, and gen parallelism of 1 threads
[12:38:29] [Server thread/WARN]: [Pufferfish] Will not enable SIMD! These optimizations are only safely supported on Java 17, Java 18, and Java 19.
[12:38:29] [Server thread/INFO]: Default game type: SURVIVAL
[12:38:29] [Server thread/INFO]: Generating keypair
[12:38:29] [Server thread/INFO]: Starting Minecraft server on *:25565
[12:38:30] [Server thread/INFO]: Using epoll channel type
[12:38:30] [Server thread/INFO]: Paper: Using libdeflate (Linux x86_64) compression from Velocity.
[12:38:30] [Server thread/INFO]: Paper: Using OpenSSL 1.1.x (Linux x86_64) cipher from Velocity.
[12:38:30] [Server thread/INFO]: [spark] Loading server plugin spark v1.10.60
[12:38:30] [Server thread/INFO]: Server permissions file permissions.yml is empty, ignoring it
[12:38:30] [Server thread/WARN]: **** SERVER IS RUNNING IN OFFLINE/INSECURE MODE!
[12:38:30] [Server thread/WARN]: The server will make no attempt to authenticate usernames. Beware.
[12:38:30] [Server thread/WARN]: While this makes the game possible to play without internet access, it also opens up the ability for hackers to connect with any username they choose.
[12:38:30] [Server thread/WARN]: To change this, set "online-mode" to "true" in the server.properties file.
[12:38:30] [Server thread/INFO]: Preparing level "world"
[12:38:31] [Server thread/INFO]: Preparing start region for dimension minecraft:overworld
[12:38:32] [Server thread/INFO]: Time elapsed: 405 ms
[12:38:32] [Server thread/INFO]: Preparing start region for dimension minecraft:the_nether
[12:38:32] [Server thread/INFO]: Time elapsed: 311 ms
[12:38:32] [Server thread/INFO]: Preparing start region for dimension minecraft:the_end
[12:38:32] [Server thread/INFO]: Time elapsed: 132 ms
[12:38:32] [Server thread/INFO]: [spark] Enabling spark v1.10.60
[12:38:33] [Server thread/INFO]: [spark] Using Paper ServerTickStartEvent for tick monitoring
[12:38:33] [Server thread/INFO]: [spark] Starting background profiler...
[12:38:35] [Server thread/INFO]: Running delayed init tasks
[12:38:35] [Server thread/INFO]: Done (9.345s)! For help, type "help"
[12:46:20] [User Authenticator #0/INFO]: UUID of player Blanketey is 74078ae7-e3b7-3a11-8946-59d7bb543650
[12:46:20] [Server thread/INFO]: Blanketey joined the game
[12:46:20] [Server thread/INFO]: Blanketey[/[0:0:0:0:0:0:0:1%0]:57092] logged in with entity id 177 at ([world]40.5, 63.0, 31.5)
[12:46:54] [User Authenticator #0/INFO]: UUID of player Faithxull is 562e836d-e6fd-3dba-a88c-b766631f6e2b
[12:46:55] [Server thread/INFO]: Faithxull joined the game
[12:46:55] [Server thread/INFO]: Faithxull[/[0:0:0:0:0:0:0:1%0]:50800] logged in with entity id 420 at ([world]49.5, 63.0, 41.5)
[12:47:03] [Async Chat Thread - #1/INFO]: [Not Secure] <Faithxull> ey
[12:47:09] [Async Chat Thread - #1/INFO]: [Not Secure] <Faithxull> wait i forgot to op myself
[12:47:15] [Async Chat Thread - #0/INFO]: [Not Secure] <Blanketey> the ping is ass
[12:47:18] [Async Chat Thread - #0/INFO]: [Not Secure] <Faithxull> wdym
[12:47:20] [Async Chat Thread - #1/INFO]: [Not Secure] <Faithxull> im getting 50ms
[12:47:31] [Async Chat Thread - #1/INFO]: [Not Secure] <Faithxull> thats so much better
[12:47:40] [Server thread/INFO]: Blanketey hit the ground too hard
[12:47:45] [Server thread/INFO]: Faithxull issued server command: /tps
[12:47:47] [Async Chat Thread - #1/INFO]: [Not Secure] <Faithxull> brb
[12:47:48] [Async Chat Thread - #0/INFO]: [Not Secure] <Blanketey> nvm
[12:47:49] [Async Chat Thread - #1/INFO]: [Not Secure] <Faithxull> lemme op myself
[12:47:53] [Async Chat Thread - #1/INFO]: [Not Secure] <Blanketey> the ping's fine
[12:48:16] [Server thread/INFO]: Blanketey has made the advancement [Monster Hunter]
[12:48:57] [Server thread/INFO]: Blanketey was slain by Spider
[12:51:13] [Server thread/INFO]: Faithxull lost connection: Disconnected
[12:51:13] [Server thread/INFO]: Faithxull left the game
[12:53:49] [Server thread/INFO]: Made Faithxull a server operator
[12:54:18] [User Authenticator #1/INFO]: UUID of player Faithxull is 562e836d-e6fd-3dba-a88c-b766631f6e2b
[12:54:18] [Server thread/INFO]: Faithxull joined the game
[12:54:18] [Server thread/INFO]: Faithxull[/[0:0:0:0:0:0:0:1%0]:50398] logged in with entity id 1333 at ([world]66.55086555573416, 62.0, 14.300000011920929)
[12:54:24] [Server thread/INFO]: Faithxull issued server command: /gamemode creative
[12:54:24] [Server thread/INFO]: [Faithxull: Set own game mode to Creative Mode]
[12:54:25] [Async Chat Thread - #2/INFO]: [Not Secure] <Faithxull> alright
[12:54:26] [Async Chat Thread - #3/INFO]: [Not Secure] <Blanketey> i
[12:54:26] [Async Chat Thread - #3/INFO]: [Not Secure] <Faithxull> i did it
[12:54:29] [Async Chat Thread - #2/INFO]: [Not Secure] <Blanketey> hi
[12:54:35] [Async Chat Thread - #2/INFO]: [Not Secure] <Faithxull> my pc was lagging insane
[12:54:45] [Async Chat Thread - #2/INFO]: [Not Secure] <Faithxull> it took so long for the page to load
[12:54:47] [Async Chat Thread - #2/INFO]: [Not Secure] <Blanketey> lets play in this server bro
[12:54:50] [Async Chat Thread - #2/INFO]: [Not Secure] <Blanketey> this much better
[12:55:01] [Async Chat Thread - #3/INFO]: [Not Secure] <Faithxull> i still dont know how long this will stay online
[12:55:11] [Async Chat Thread - #2/INFO]: [Not Secure] <Faithxull> lets just play until it goes offline if it does
[12:55:11] [Async Chat Thread - #3/INFO]: [Not Secure] <Blanketey> wym
[12:55:13] [Server thread/INFO]: Blanketey has made the advancement [Stone Age]
[12:55:23] [Async Chat Thread - #2/INFO]: [Not Secure] <Faithxull> ima go back in survival now
[12:55:25] [Server thread/INFO]: Faithxull issued server command: /gamemode survival
[12:55:25] [Server thread/INFO]: [Faithxull: Set own game mode to Survival Mode]
[12:55:26] [Server thread/INFO]: Blanketey has made the advancement [Getting an Upgrade]
[12:55:47] [Async Chat Thread - #3/INFO]: [Not Secure] <Faithxull> so much food
[12:55:54] [Async Chat Thread - #2/INFO]: [Not Secure] <Blanketey> fr
[12:56:06] [Async Chat Thread - #3/INFO]: [Not Secure] <Faithxull> im gonna take it slow this time
[12:56:11] [Async Chat Thread - #2/INFO]: [Not Secure] <Blanketey> wym
[12:56:15] [Async Chat Thread - #3/INFO]: [Not Secure] <Faithxull> play slowly
[12:56:20] [Async Chat Thread - #2/INFO]: [Not Secure] <Faithxull> i wanna make a big ass farm
[12:56:24] [Async Chat Thread - #3/INFO]: [Not Secure] <Blanketey> ahh
[12:56:27] [Async Chat Thread - #2/INFO]: [Not Secure] <Blanketey> vinland
[12:56:31] [Async Chat Thread - #3/INFO]: [Not Secure] <Faithxull> btw i have to leave in a bit
[12:56:34] [Async Chat Thread - #3/INFO]: [Not Secure] <Faithxull> i have to break my fast
[12:56:46] [Async Chat Thread - #3/INFO]: [Not Secure] <Blanketey> jesus fucking christ
[12:56:51] [Async Chat Thread - #2/INFO]: [Not Secure] <Faithxull> wat
[12:56:58] [Async Chat Thread - #3/INFO]: [Not Secure] <Blanketey> nvm
[12:57:12] [Async Chat Thread - #2/INFO]: [Not Secure] <Faithxull> theres no fucking trees bru
[12:57:20] [Async Chat Thread - #3/INFO]: [Not Secure] <Blanketey> are you fucking blind
[12:57:27] [Async Chat Thread - #2/INFO]: [Not Secure] <Faithxull> my render distance is set to 2
[12:57:29] [Async Chat Thread - #3/INFO]: [Not Secure] <Faithxull> dont judge me
[12:57:32] [Async Chat Thread - #2/INFO]: [Not Secure] <Blanketey> oh
[12:57:57] [Async Chat Thread - #3/INFO]: [Not Secure] <Blanketey> how much fps u get
[12:58:02] [Async Chat Thread - #2/INFO]: [Not Secure] <Faithxull> wait
[12:58:12] [Async Chat Thread - #3/INFO]: [Not Secure] <Faithxull> 45
[12:58:26] [Async Chat Thread - #2/INFO]: [Not Secure] <Blanketey> ah
[12:58:29] [Async Chat Thread - #3/INFO]: [Not Secure] <Faithxull> i used to get 60 on 1.16
[12:58:38] [Async Chat Thread - #2/INFO]: [Not Secure] <Blanketey> lmao
[12:58:56] [Server thread/INFO]: Faithxull has made the advancement [Stone Age]
[12:59:17] [Async Chat Thread - #3/INFO]: [Not Secure] <Faithxull> this apparently has
[12:59:18] [Async Chat Thread - #2/INFO]: [Not Secure] <Faithxull> 32 cores
[12:59:22] [Async Chat Thread - #3/INFO]: [Not Secure] <Faithxull> 32gb ram
[12:59:27] [Async Chat Thread - #2/INFO]: [Not Secure] <Blanketey> dam
[13:00:03] [Server thread/INFO]: Faithxull has made the advancement [Getting an Upgrade]
[13:00:38] [Async Chat Thread - #4/INFO]: [Not Secure] <Faithxull> im gonna have to leave now
[13:00:49] [Async Chat Thread - #5/INFO]: [Not Secure] <Blanketey> oaky
[13:00:52] [Async Chat Thread - #4/INFO]: [Not Secure] <Faithxull> ill be back at like 7:15 probly
[13:00:57] [Async Chat Thread - #5/INFO]: [Not Secure] <Blanketey> sure
[13:01:01] [Async Chat Thread - #4/INFO]: [Not Secure] <Faithxull> byee
[13:01:03] [Server thread/INFO]: Faithxull lost connection: Disconnected
[13:01:03] [Server thread/INFO]: Faithxull left the game
[13:07:04] [Server thread/INFO]: Villager EntityVillager['Villager'/3842, uuid='a5e479d9-9b01-42d2-9f57-dc2684e3452a', l='ServerLevel[world]', x=354.70, y=69.00, z=-414.30, cpos=[22, -26], tl=3016, v=true] died, message: 'Villager was slain by Zombie'
[13:09:09] [Server thread/INFO]: Blanketey has made the advancement [Acquire Hardware]
[13:10:00] [Server thread/INFO]: Blanketey has made the advancement [Not Today, Thank You]
[13:12:34] [Server thread/INFO]: Blanketey has made the advancement [Isn't It Iron Pick]
[13:14:15] [Server thread/INFO]: Blanketey has made the advancement [Diamonds!]
